<?xml version="1.0" encoding="UTF-8"?>
<!-- Generated by org.testng.reporters.JUnitReportReporter -->
<testsuite hostname="DESKTOP-0H6G18U" failures="0" tests="1" name="com.TestNG.ExplicitWait" time="1.952" errors="0" timestamp="2020-08-20T13:11:28 EDT" skipped="0">
  <testcase classname="com.TestNG.ExplicitWait" name="login" time="1.952"/>
  <system-out/>
</testsuite> <!-- com.TestNG.ExplicitWait -->
