<?xml version="1.0" encoding="UTF-8"?>
<!-- Generated by org.testng.reporters.JUnitReportReporter -->
<testsuite hostname="DESKTOP-0H6G18U" failures="0" tests="1" name="com.TestNG.Flipkart" time="0.143" errors="0" timestamp="2020-08-19T13:22:42 EDT" skipped="0">
  <testcase classname="com.TestNG.Flipkart" name="search" time="0.143"/>
  <system-out/>
</testsuite> <!-- com.TestNG.Flipkart -->
