<?xml version="1.0" encoding="UTF-8"?>
<!-- Generated by org.testng.reporters.JUnitReportReporter -->
<testsuite hostname="DESKTOP-0H6G18U" failures="0" tests="1" name="com.TestNG.Authentication" time="5.322" errors="0" timestamp="2020-08-20T14:18:24 EDT" skipped="0">
  <testcase classname="com.TestNG.Authentication" name="actionOn" time="5.322"/>
  <system-out/>
</testsuite> <!-- com.TestNG.Authentication -->
