<?xml version="1.0" encoding="UTF-8"?>
<!-- Generated by org.testng.reporters.JUnitReportReporter -->
<testsuite hostname="DESKTOP-0H6G18U" failures="0" tests="3" name="com.TestNG.ParallelExecution" time="0.033" errors="0" timestamp="2020-08-18T13:22:52 EDT" skipped="0">
  <testcase classname="com.TestNG.ParallelExecution" name="testcase3" time="0.003"/>
  <system-out/>
  <testcase classname="com.TestNG.ParallelExecution" name="testcase1" time="0.029"/>
  <system-out/>
  <testcase classname="com.TestNG.ParallelExecution" name="testcase2" time="0.001"/>
  <system-out/>
</testsuite> <!-- com.TestNG.ParallelExecution -->
