<?xml version="1.0" encoding="UTF-8"?>
<!-- Generated by org.testng.reporters.JUnitReportReporter -->
<testsuite hostname="DESKTOP-0H6G18U" failures="0" tests="1" name="com.TestNG.OrangeHRM" time="11.254" errors="0" timestamp="2020-08-18T14:14:20 EDT" skipped="0">
  <testcase classname="com.TestNG.OrangeHRM" name="testcase1" time="11.254"/>
  <system-out/>
</testsuite> <!-- com.TestNG.OrangeHRM -->
