<?xml version="1.0" encoding="UTF-8"?>
<!-- Generated by org.testng.reporters.JUnitReportReporter -->
<testsuite hostname="DESKTOP-0H6G18U" failures="0" tests="1" name="com.TestNG.ClickAndHold" time="7.337" errors="0" timestamp="2020-08-20T12:29:04 EDT" skipped="0">
  <testcase classname="com.TestNG.ClickAndHold" name="actionOn" time="7.337"/>
  <system-out/>
</testsuite> <!-- com.TestNG.ClickAndHold -->
