<?xml version="1.0" encoding="UTF-8"?>
<!-- Generated by org.testng.reporters.JUnitReportReporter -->
<testsuite hostname="DESKTOP-0H6G18U" failures="0" tests="3" name="com.TestNG.TestCase1" time="0.015" errors="0" timestamp="2020-08-18T12:59:45 EDT" skipped="0">
  <testcase classname="com.TestNG.TestCase1" name="Testcase2" time="0.002"/>
  <system-out/>
  <testcase classname="com.TestNG.TestCase1" name="Testcase1" time="0.010"/>
  <system-out/>
  <testcase classname="com.TestNG.TestCase1" name="Testcase3" time="0.003"/>
  <system-out/>
</testsuite> <!-- com.TestNG.TestCase1 -->
