<?xml version="1.0" encoding="UTF-8"?>
<!-- Generated by org.testng.reporters.JUnitReportReporter -->
<testsuite hostname="DESKTOP-0H6G18U" failures="0" tests="1" name="com.testcase.DragAndDrop" time="5.878" errors="0" timestamp="2020-08-19T14:12:06 EDT" skipped="0">
  <testcase classname="com.testcase.DragAndDrop" name="actionOn" time="5.878"/>
  <system-out/>
</testsuite> <!-- com.testcase.DragAndDrop -->
