<?xml version="1.0" encoding="UTF-8"?>
<!-- Generated by org.testng.reporters.JUnitReportReporter -->
<testsuite hostname="DESKTOP-0H6G18U" failures="0" tests="3" name="com.TestNG.PriorityTestCase" time="0.033" errors="0" timestamp="2020-08-18T13:06:43 EDT" skipped="0">
  <testcase classname="com.TestNG.PriorityTestCase" name="testcase2" time="0.027"/>
  <system-out/>
  <testcase classname="com.TestNG.PriorityTestCase" name="testcase3" time="0.003"/>
  <system-out/>
  <testcase classname="com.TestNG.PriorityTestCase" name="testcase1" time="0.003"/>
  <system-out/>
</testsuite> <!-- com.TestNG.PriorityTestCase -->
