<?xml version="1.0" encoding="UTF-8"?>
<!-- Generated by org.testng.reporters.JUnitReportReporter -->
<testsuite hostname="DESKTOP-0H6G18U" failures="0" tests="3" name="com.TestNG.ParallelExecution1" time="0.034" errors="0" timestamp="2020-08-18T13:22:52 EDT" skipped="0">
  <testcase classname="com.TestNG.ParallelExecution1" name="testcase4" time="0.029"/>
  <system-out/>
  <testcase classname="com.TestNG.ParallelExecution1" name="testcase6" time="0.002"/>
  <system-out/>
  <testcase classname="com.TestNG.ParallelExecution1" name="testcase5" time="0.003"/>
  <system-out/>
</testsuite> <!-- com.TestNG.ParallelExecution1 -->
