<?xml version="1.0" encoding="UTF-8"?>
<!-- Generated by org.testng.reporters.JUnitReportReporter -->
<testsuite hostname="DESKTOP-0H6G18U" failures="0" tests="2" name="com.TestNG.DependsUponGroup" time="0.009" errors="0" timestamp="2020-08-19T13:45:06 EDT" skipped="0">
  <testcase classname="com.TestNG.DependsUponGroup" name="testcase2" time="0.008"/>
  <system-out/>
  <testcase classname="com.TestNG.DependsUponGroup" name="testcase3" time="0.001"/>
  <system-out/>
</testsuite> <!-- com.TestNG.DependsUponGroup -->
