<?xml version="1.0" encoding="UTF-8"?>
<!-- Generated by org.testng.reporters.JUnitReportReporter -->
<testsuite hostname="DESKTOP-0H6G18U" failures="0" tests="2" name="com.TestNG.CrossBrowser" time="2.544" errors="0" timestamp="2020-08-20T13:52:36 EDT" skipped="0">
  <testcase classname="com.TestNG.CrossBrowser" name="facebook" time="1.268"/>
  <system-out/>
  <testcase classname="com.TestNG.CrossBrowser" name="facebook" time="1.276"/>
  <system-out/>
</testsuite> <!-- com.TestNG.CrossBrowser -->
